<?xml version="1.0" encoding="UTF-8"?>
<!-- Generated by org.testng.reporters.JUnitReportReporter -->
<testsuite hostname="Yanbos-MacBook-Air.local" name="com.ecalix.tests.Test1" tests="1" failures="0" timestamp="12 May 2016 19:00:27 GMT" time="6.182" errors="0">
  <testcase name="testLogin" time="6.182" classname="com.ecalix.tests.Test1"/>
</testsuite> <!-- com.ecalix.tests.Test1 -->
