<?xml version="1.0" encoding="UTF-8"?>
<!-- Generated by org.testng.reporters.JUnitReportReporter -->
<testsuite hostname="Yanbos-MacBook-Air.local" name="com.catalog.test.TestLogin" tests="1" failures="0" timestamp="16 May 2016 21:53:46 GMT" time="7.921" errors="0">
  <testcase name="test1" time="7.921" classname="com.catalog.test.TestLogin"/>
</testsuite> <!-- com.catalog.test.TestLogin -->
